50:10:019 0,0,0,0
50:10:029 0,0,0,0
50:10:039 0,0,0,0
50:10:049 0,0,0,0
50:10:058 0,0,0,0
50:10:068 0,0,0,0
50:10:078 0,0,0,0
50:10:088 0,0,0,0
50:10:100 0,0,0,0
50:10:109 0,0,0,0
50:10:119 0,0,0,0.16129
50:10:128 0,0,0,0.322581
50:10:138 0,0,0,0.483871
50:10:148 0,0,0,0.645161
50:10:158 0,0,0,0.806452
50:10:167 0,0,0,1.12903
50:10:177 0,0,0,1.29032
50:10:186 0,0,0,1.6129
50:10:196 0,0,0,1.77419
50:10:205 0,0,0,2.09677
50:10:216 0,0,0,2.25806
50:10:226 0,0,0,2.41935
50:10:235 0,0,0,2.74194
50:10:246 0,0,0,3.06452
50:10:256 0,0,0,3.3871
50:10:266 0,0,0,3.70968
50:10:276 0,0,0,4.19355
50:10:286 0,0,0,4.67742
50:10:297 0,0,0,5
50:10:306 0,0,0,5.48387
50:10:316 0,0,0,5.96774
50:10:326 0,0,0,6.29032
50:10:335 0,0,0,6.77419
50:10:344 0,0,0,7.25806
50:10:355 0,0,0,7.58065
50:10:365 0,0,0,8.22581
50:10:374 0,0,0,8.70968
50:10:384 0,0,0,9.19355
50:10:393 0,0,0,9.67742
50:10:402 0,0,0,10.1613
50:10:412 0,0,0,10.6452
50:10:422 0,0,0,11.2903
50:10:431 0,0,0,11.9355
50:10:440 0,0,0,12.4194
50:10:452 0,0,0,13.2258
50:10:461 0,0,0,13.871
50:10:471 0,0,0,14.5161
50:10:481 0,0,0,15.1613
50:10:491 0,0,0,15.8065
50:10:501 0,0,0,16.4516
50:10:511 0,0,0,17.0968
50:10:525 0,0,0,17.9032
50:10:535 0,0,0,18.871
50:10:545 0,0,0,19.6774
50:10:554 0,0,0,20.4839
50:10:565 0,0,0,21.129
50:10:575 0,0,0,21.9355
50:10:586 0,0,0,22.9032
50:10:596 0,0,0,23.871
50:10:606 0,0,0,24.8387
50:10:617 0,0,0,25.8064
50:10:625 0,0,0,26.6129
50:10:635 0,0,0,27.4193
50:10:646 0,0,0,28.3871
50:10:656 0,0,0,29.3548
50:10:666 0,0,0,30.3226
50:10:677 0,0,0,31.2903
50:10:688 0,0,0,32.4193
50:10:698 0,0,0,33.3871
50:10:709 0,0,0,34.5161
50:10:720 0,0,0,35.6452
50:10:731 0,0,0,36.9355
50:10:742 0,0,0,38.0645
50:10:752 0,0,0,39.1935
50:10:763 0,0,0,40.3226
50:10:771 0,0,0,41.4516
50:10:782 0,0,0,42.4193
50:10:791 0,0,0,43.5484
50:10:801 0,0,0,44.5161
50:10:813 0,1.41421,1.41421,45
50:10:831 0,3.53553,3.53553,45
50:10:842 0,5.65685,5.65685,45
50:10:851 0,7.07107,7.07107,45
50:10:860 0,8.48528,8.48528,45
50:10:871 0,9.89949,9.89949,45
50:10:880 0,11.3137,11.3137,45
50:10:890 0,12.7279,12.7279,45
50:10:898 0,14.1421,14.1421,45
50:10:909 0,15.5563,15.5563,45
50:10:921 0,16.9706,16.9706,45
50:10:930 0,17.6777,17.6777,45
50:10:941 0,19.0919,19.0919,45
50:10:950 0,20.5061,20.5061,45
50:10:960 0,21.9203,21.9203,45
50:10:969 0,23.3345,23.3345,45
50:10:980 0,24.7487,24.7487,45
50:10:989 0,26.1629,26.1629,45
50:10:998 0,26.8701,26.8701,45
50:11:008 0,28.2843,28.2843,45
50:11:018 0,28.9914,28.9914,45
50:11:029 0,30.4056,30.4056,45
50:11:038 0,31.8198,31.8198,45
50:11:048 0,33.234,33.234,45
50:11:057 0,34.6482,34.6482,45
50:11:066 0,35.3553,35.3553,45
50:11:076 0,36.7696,36.7696,45
50:11:086 0,38.1838,38.1838,45
50:11:096 0,38.8909,38.8909,45
50:11:105 0,40.3051,40.3051,45
50:11:117 0,41.7193,41.7193,45
50:11:128 0,43.1335,43.1335,45
50:11:136 0,44.5477,44.5477,45
50:11:148 0,45.962,45.962,45
50:11:157 0,47.3762,47.3762,45
50:11:167 0,48.0833,48.0833,45
50:11:178 0,49.4975,49.4975,45
50:11:187 0,50.9117,50.9117,45
50:11:196 0,51.6188,51.6188,45
50:11:206 0,52.3259,52.3259,45
50:11:218 0,53.7401,53.7401,45
50:11:229 0,54.4472,54.4472,45
50:11:238 0,55.8615,55.8615,45
50:11:249 0,57.2757,57.2757,45
50:11:259 0,58.6899,58.6899,45
50:11:271 0,60.1041,60.1041,45
50:11:282 0,61.5183,61.5183,45
50:11:291 0,62.9325,62.9325,45
50:11:300 0,63.6396,63.6396,45
50:11:310 0,64.3467,64.3467,45
50:11:321 0,65.761,65.761,45
50:11:332 0,67.1752,67.1752,45
50:11:341 0,68.5894,68.5894,45
50:11:351 0,69.2965,69.2965,45
50:11:360 0,70.0036,70.0036,45
50:11:370 0,70.7107,70.7107,45
50:11:381 0,71.4178,71.4178,45
50:11:390 0,72.1249,72.1249,45
50:11:400 0,72.832,72.832,45
50:11:411 0,73.5391,73.5391,45
50:11:420 0,74.2463,74.2463,45
50:11:431 0,74.9534,74.9534,45
50:11:440 0,75.6605,75.6605,45
50:11:452 0,76.3676,76.3676,45
50:11:462 0,77.0747,77.0747,45
50:11:471 0,77.7818,77.7818,45
50:11:482 0,78.4889,78.4889,45
50:11:490 0,79.196,79.196,45
50:11:500 0,79.9031,79.9031,45
50:11:511 0,80.6102,80.6102,45
50:11:521 0,81.3173,81.3173,45
50:11:532 0,82.0244,82.0244,45
50:11:543 0,82.7315,82.7315,45
50:11:552 0,83.4387,83.4387,45
50:11:563 0,84.1458,84.1458,45
50:11:573 0,84.8529,84.8529,45
50:11:583 0,85.56,85.56,45
50:11:593 0,86.2671,86.2671,45
50:11:603 0,86.9742,86.9742,45
50:11:612 0,87.6813,87.6813,45
50:11:623 0,88.3884,88.3884,45
50:11:633 0,89.0955,89.0955,45
50:11:644 0,89.8026,89.8026,45
50:11:653 0,90.5097,90.5097,45
50:11:662 0,91.2168,91.2168,45
50:11:673 0,91.9239,91.9239,45
50:11:681 0,92.6311,92.6311,45
50:11:692 0,93.3382,93.3382,45
50:11:701 0,94.0453,94.0453,45
50:11:710 0,94.7524,94.7524,45
50:11:721 0,95.4595,95.4595,45
50:11:729 0,96.1666,96.1666,45
50:11:740 0,96.8737,96.8737,45
50:11:750 0,97.5808,97.5808,45
50:11:759 0,98.2879,98.2879,45
50:11:765 0,98.2879,98.2879,45
